<?xml version="1.0" encoding="UTF-8" ?>
<testsuite tests="5" failures="1" name="TestChiNhanh" time="1.274" errors="0" skipped="0">
  <properties>
[...]
</properties>
  <testcase classname="TestChiNhanh" name="TestChiNhanh.testDelete" time="0.953">
    <failure message="expected: &lt;true&gt; but was: &lt;false&gt;" type="org.opentest4j.AssertionFailedError">org.opentest4j.AssertionFailedError: expected: &lt;true&gt; but was: &lt;false&gt;
	at org.junit.jupiter.api.AssertionFailureBuilder.build(AssertionFailureBuilder.java:151)
	at org.junit.jupiter.api.AssertionFailureBuilder.buildAndThrow(AssertionFailureBuilder.java:132)
	at org.junit.jupiter.api.AssertTrue.failNotTrue(AssertTrue.java:63)
	at org.junit.jupiter.api.AssertTrue.assertTrue(AssertTrue.java:36)
	at org.junit.jupiter.api.AssertTrue.assertTrue(AssertTrue.java:31)
	at org.junit.jupiter.api.Assertions.assertTrue(Assertions.java:180)
	at TestChiNhanh.testDelete(TestChiNhanh.java:89)
</failure>
  </testcase>
  <testcase classname="TestChiNhanh" name="TestChiNhanh.testUpdate" time="0.118"/>
  <testcase classname="TestChiNhanh" name="TestChiNhanh.testAddSuccessful" time="0.136"/>
  <testcase classname="TestChiNhanh" name="TestChiNhanh.testGetListChiNhanh" time="0.029"/>
  <testcase classname="TestChiNhanh" name="TestChiNhanh.testGetChiNhanhByID" time="0.038"/>
</testsuite>