<?xml version="1.0" encoding="UTF-8" ?>
<testsuite tests="6" failures="1" name="TestNhanVien" time="0.231" errors="0" skipped="0">
  <properties>
[...]
</properties>
  <testcase classname="TestNhanVien" name="TestNhanVien.testUpdate" time="0.04"/>
  <testcase classname="TestNhanVien" name="TestNhanVien.testDelete" time="0.05"/>
  <testcase classname="TestNhanVien" name="TestNhanVien.testAddSuccessful" time="0.05"/>
  <testcase classname="TestNhanVien" name="TestNhanVien.testSearchName" time="0.031"/>
  <testcase classname="TestNhanVien" name="TestNhanVien.testGetStaff" time="0.029">
    <failure message="Access denied for user &apos;root&apos;@&apos;localhost&apos; (using password: YES)" type="java.sql.SQLException">java.sql.SQLException: Access denied for user &apos;root&apos;@&apos;localhost&apos; (using password: YES)
	at com.mysql.cj.jdbc.exceptions.SQLError.createSQLException(SQLError.java:129)
	at com.mysql.cj.jdbc.exceptions.SQLExceptionsMapping.translateException(SQLExceptionsMapping.java:122)
	at com.mysql.cj.jdbc.ConnectionImpl.createNewIO(ConnectionImpl.java:824)
	at com.mysql.cj.jdbc.ConnectionImpl.&lt;init&gt;(ConnectionImpl.java:444)
	at com.mysql.cj.jdbc.ConnectionImpl.getInstance(ConnectionImpl.java:237)
	at com.mysql.cj.jdbc.NonRegisteringDriver.connect(NonRegisteringDriver.java:198)
	at java.sql/java.sql.DriverManager.getConnection(DriverManager.java:677)
	at java.sql/java.sql.DriverManager.getConnection(DriverManager.java:228)
	at com.mycompany.conf.JdbcUtils.getConn(JdbcUtils.java:27)
	at TestNhanVien.testGetStaff(TestNhanVien.java:57)
</failure>
  </testcase>
  <testcase classname="TestNhanVien" name="TestNhanVien.testSearchID" time="0.031"/>
</testsuite>