<?xml version="1.0" encoding="UTF-8" ?>
<testsuite tests="6" failures="0" name="TestNhanVien" time="1.629" errors="0" skipped="0">
  <properties>
[...]
</properties>
  <testcase classname="TestNhanVien" name="TestNhanVien.testGetStaff" time="1.164"/>
  <testcase classname="TestNhanVien" name="TestNhanVien.testAddSuccessful" time="0.233"/>
  <testcase classname="TestNhanVien" name="TestNhanVien.testUpdate" time="0.113"/>
  <testcase classname="TestNhanVien" name="TestNhanVien.testSearchName" time="0.024"/>
  <testcase classname="TestNhanVien" name="TestNhanVien.testDelete" time="0.057"/>
  <testcase classname="TestNhanVien" name="TestNhanVien.testSearchID" time="0.038"/>
</testsuite>